2025-04-24 21:27:30,119 - __main__ - INFO - Starting server at 2025-04-24 15:57:30 UTC
2025-04-24 21:29:39,477 - __main__ - INFO - Starting server at 2025-04-24 15:59:39 UTC
2025-04-24 21:31:29,594 - __main__ - ERROR - Login error: SSL handshake failed: ac-xaabuvq-shard-00-00.vutfofy.mongodb.net:27017: [SSL: TLSV1_ALERT_INTERNAL_ERROR] tlsv1 alert internal error (_ssl.c:1000),SSL handshake failed: ac-xaabuvq-shard-00-01.vutfofy.mongodb.net:27017: [SSL: TLSV1_ALERT_INTERNAL_ERROR] tlsv1 alert internal error (_ssl.c:1000),SSL handshake failed: ac-xaabuvq-shard-00-02.vutfofy.mongodb.net:27017: [SSL: TLSV1_ALERT_INTERNAL_ERROR] tlsv1 alert internal error (_ssl.c:1000), Timeout: 30s, Topology Description: <TopologyDescription id: 680a5feb164b2aa5fe86004a, topology_type: ReplicaSetNoPrimary, servers: [<ServerDescription ('ac-xaabuvq-shard-00-00.vutfofy.mongodb.net', 27017) server_type: Unknown, rtt: None, error=AutoReconnect('SSL handshake failed: ac-xaabuvq-shard-00-00.vutfofy.mongodb.net:27017: [SSL: TLSV1_ALERT_INTERNAL_ERROR] tlsv1 alert internal error (_ssl.c:1000)')>, <ServerDescription ('ac-xaabuvq-shard-00-01.vutfofy.mongodb.net', 27017) server_type: Unknown, rtt: None, error=AutoReconnect('SSL handshake failed: ac-xaabuvq-shard-00-01.vutfofy.mongodb.net:27017: [SSL: TLSV1_ALERT_INTERNAL_ERROR] tlsv1 alert internal error (_ssl.c:1000)')>, <ServerDescription ('ac-xaabuvq-shard-00-02.vutfofy.mongodb.net', 27017) server_type: Unknown, rtt: None, error=AutoReconnect('SSL handshake failed: ac-xaabuvq-shard-00-02.vutfofy.mongodb.net:27017: [SSL: TLSV1_ALERT_INTERNAL_ERROR] tlsv1 alert internal error (_ssl.c:1000)')>]>
2025-04-24 21:31:49,806 - __main__ - INFO - Registration attempt for dhanavanthesh697@gmail.com with name: DHANAVANTHESH S
2025-04-24 21:32:19,964 - __main__ - ERROR - Registration error: SSL handshake failed: ac-xaabuvq-shard-00-00.vutfofy.mongodb.net:27017: [SSL: TLSV1_ALERT_INTERNAL_ERROR] tlsv1 alert internal error (_ssl.c:1000),SSL handshake failed: ac-xaabuvq-shard-00-01.vutfofy.mongodb.net:27017: [SSL: TLSV1_ALERT_INTERNAL_ERROR] tlsv1 alert internal error (_ssl.c:1000),SSL handshake failed: ac-xaabuvq-shard-00-02.vutfofy.mongodb.net:27017: [SSL: TLSV1_ALERT_INTERNAL_ERROR] tlsv1 alert internal error (_ssl.c:1000), Timeout: 30s, Topology Description: <TopologyDescription id: 680a5feb164b2aa5fe86004a, topology_type: ReplicaSetNoPrimary, servers: [<ServerDescription ('ac-xaabuvq-shard-00-00.vutfofy.mongodb.net', 27017) server_type: Unknown, rtt: None, error=AutoReconnect('SSL handshake failed: ac-xaabuvq-shard-00-00.vutfofy.mongodb.net:27017: [SSL: TLSV1_ALERT_INTERNAL_ERROR] tlsv1 alert internal error (_ssl.c:1000)')>, <ServerDescription ('ac-xaabuvq-shard-00-01.vutfofy.mongodb.net', 27017) server_type: Unknown, rtt: None, error=AutoReconnect('SSL handshake failed: ac-xaabuvq-shard-00-01.vutfofy.mongodb.net:27017: [SSL: TLSV1_ALERT_INTERNAL_ERROR] tlsv1 alert internal error (_ssl.c:1000)')>, <ServerDescription ('ac-xaabuvq-shard-00-02.vutfofy.mongodb.net', 27017) server_type: Unknown, rtt: None, error=AutoReconnect('SSL handshake failed: ac-xaabuvq-shard-00-02.vutfofy.mongodb.net:27017: [SSL: TLSV1_ALERT_INTERNAL_ERROR] tlsv1 alert internal error (_ssl.c:1000)')>]>
2025-04-24 21:34:16,720 - __main__ - INFO - Registration attempt for dhanavanthesh697@gmail.com with name: DHANAVANTHESH S
2025-04-24 21:34:47,075 - __main__ - ERROR - Registration error: SSL handshake failed: ac-xaabuvq-shard-00-00.vutfofy.mongodb.net:27017: [SSL: TLSV1_ALERT_INTERNAL_ERROR] tlsv1 alert internal error (_ssl.c:1000),SSL handshake failed: ac-xaabuvq-shard-00-01.vutfofy.mongodb.net:27017: [SSL: TLSV1_ALERT_INTERNAL_ERROR] tlsv1 alert internal error (_ssl.c:1000),SSL handshake failed: ac-xaabuvq-shard-00-02.vutfofy.mongodb.net:27017: [SSL: TLSV1_ALERT_INTERNAL_ERROR] tlsv1 alert internal error (_ssl.c:1000), Timeout: 30s, Topology Description: <TopologyDescription id: 680a5feb164b2aa5fe86004a, topology_type: ReplicaSetNoPrimary, servers: [<ServerDescription ('ac-xaabuvq-shard-00-00.vutfofy.mongodb.net', 27017) server_type: Unknown, rtt: None, error=AutoReconnect('SSL handshake failed: ac-xaabuvq-shard-00-00.vutfofy.mongodb.net:27017: [SSL: TLSV1_ALERT_INTERNAL_ERROR] tlsv1 alert internal error (_ssl.c:1000)')>, <ServerDescription ('ac-xaabuvq-shard-00-01.vutfofy.mongodb.net', 27017) server_type: Unknown, rtt: None, error=AutoReconnect('SSL handshake failed: ac-xaabuvq-shard-00-01.vutfofy.mongodb.net:27017: [SSL: TLSV1_ALERT_INTERNAL_ERROR] tlsv1 alert internal error (_ssl.c:1000)')>, <ServerDescription ('ac-xaabuvq-shard-00-02.vutfofy.mongodb.net', 27017) server_type: Unknown, rtt: None, error=AutoReconnect('SSL handshake failed: ac-xaabuvq-shard-00-02.vutfofy.mongodb.net:27017: [SSL: TLSV1_ALERT_INTERNAL_ERROR] tlsv1 alert internal error (_ssl.c:1000)')>]>
2025-04-24 21:35:41,738 - __main__ - INFO - Registration attempt for dhanavanthesh697@gmail.com with name: DHANAVANTHESH S
2025-04-24 21:36:12,038 - __main__ - ERROR - Registration error: SSL handshake failed: ac-xaabuvq-shard-00-00.vutfofy.mongodb.net:27017: [SSL: TLSV1_ALERT_INTERNAL_ERROR] tlsv1 alert internal error (_ssl.c:1000),SSL handshake failed: ac-xaabuvq-shard-00-01.vutfofy.mongodb.net:27017: [SSL: TLSV1_ALERT_INTERNAL_ERROR] tlsv1 alert internal error (_ssl.c:1000),SSL handshake failed: ac-xaabuvq-shard-00-02.vutfofy.mongodb.net:27017: [SSL: TLSV1_ALERT_INTERNAL_ERROR] tlsv1 alert internal error (_ssl.c:1000), Timeout: 30s, Topology Description: <TopologyDescription id: 680a5feb164b2aa5fe86004a, topology_type: ReplicaSetNoPrimary, servers: [<ServerDescription ('ac-xaabuvq-shard-00-00.vutfofy.mongodb.net', 27017) server_type: Unknown, rtt: None, error=AutoReconnect('SSL handshake failed: ac-xaabuvq-shard-00-00.vutfofy.mongodb.net:27017: [SSL: TLSV1_ALERT_INTERNAL_ERROR] tlsv1 alert internal error (_ssl.c:1000)')>, <ServerDescription ('ac-xaabuvq-shard-00-01.vutfofy.mongodb.net', 27017) server_type: Unknown, rtt: None, error=AutoReconnect('SSL handshake failed: ac-xaabuvq-shard-00-01.vutfofy.mongodb.net:27017: [SSL: TLSV1_ALERT_INTERNAL_ERROR] tlsv1 alert internal error (_ssl.c:1000)')>, <ServerDescription ('ac-xaabuvq-shard-00-02.vutfofy.mongodb.net', 27017) server_type: Unknown, rtt: None, error=AutoReconnect('SSL handshake failed: ac-xaabuvq-shard-00-02.vutfofy.mongodb.net:27017: [SSL: TLSV1_ALERT_INTERNAL_ERROR] tlsv1 alert internal error (_ssl.c:1000)')>]>
2025-04-25 05:40:32,244 - __main__ - INFO - Starting server at 2025-04-25 00:10:32 UTC
2025-04-25 05:40:46,335 - __main__ - WARNING - MongoDB error during login, falling back to file storage: name 'User' is not defined
2025-04-25 05:40:52,283 - __main__ - WARNING - MongoDB error during login, falling back to file storage: name 'User' is not defined
2025-04-25 05:40:52,284 - __main__ - INFO - User logged in via file storage: dhanavanthesh697@gmail.com
2025-04-25 05:40:52,297 - __main__ - ERROR - Get chats error: name 'Chat' is not defined
2025-04-25 05:40:52,302 - __main__ - ERROR - Get chats error: name 'Chat' is not defined
2025-04-25 05:40:52,319 - __main__ - ERROR - Create chat error: name 'Chat' is not defined
2025-04-25 05:40:52,323 - __main__ - ERROR - Create chat error: name 'Chat' is not defined
2025-04-25 05:45:06,436 - __main__ - WARNING - MongoDB error during login, falling back to file storage: name 'User' is not defined
2025-04-25 05:45:12,297 - __main__ - WARNING - MongoDB error during login, falling back to file storage: name 'User' is not defined
2025-04-25 05:45:12,299 - __main__ - INFO - User logged in via file storage: dhanavanthesh697@gmail.com
2025-04-25 05:45:12,313 - __main__ - ERROR - Get chats error: name 'Chat' is not defined
2025-04-25 05:45:12,321 - __main__ - ERROR - Get chats error: name 'Chat' is not defined
2025-04-25 05:45:12,332 - __main__ - ERROR - Create chat error: name 'Chat' is not defined
2025-04-25 05:45:12,345 - __main__ - ERROR - Create chat error: name 'Chat' is not defined
2025-04-25 05:45:15,680 - __main__ - ERROR - Get chats error: name 'Chat' is not defined
2025-04-25 05:45:15,686 - __main__ - ERROR - Get chats error: name 'Chat' is not defined
2025-04-25 05:45:15,688 - __main__ - ERROR - Create chat error: name 'Chat' is not defined
2025-04-25 05:45:15,694 - __main__ - ERROR - Create chat error: name 'Chat' is not defined
2025-04-25 05:45:47,200 - __main__ - INFO - Starting server at 2025-04-25 00:15:47 UTC
2025-04-25 06:03:02,154 - __main__ - ERROR - Failed to connect to MongoDB: Unknown option ssl_cert_reqs
2025-04-25 06:03:02,228 - __main__ - INFO - Starting server at 2025-04-25 00:33:02 UTC
2025-04-25 06:21:09,855 - __main__ - ERROR - Failed to connect to MongoDB: Unknown option ssl_cert_reqs
2025-04-25 06:21:09,857 - __main__ - CRITICAL - Could not connect to MongoDB. Application will not function correctly.
2025-04-25 06:21:09,883 - __main__ - WARNING - PyAudio not found. Speech recognition features will be disabled.
2025-04-25 06:21:09,911 - __main__ - CRITICAL - MongoDB connection failed. Application may not function correctly.
2025-04-25 06:21:09,933 - __main__ - INFO - Starting server with Waitress at 2025-04-25 00:51:09 UTC on port 5001
2025-04-25 06:22:22,746 - __main__ - INFO - Successfully connected to MongoDB
2025-04-25 06:22:23,006 - __main__ - INFO - Created users collection
2025-04-25 06:22:23,375 - __main__ - INFO - Created verifications collection
2025-04-25 06:22:23,731 - __main__ - INFO - Created chats collection
2025-04-25 06:23:30,387 - __main__ - INFO - Successfully connected to MongoDB
2025-04-25 06:23:30,594 - __main__ - WARNING - PyAudio not found. Speech recognition features will be disabled.
2025-04-25 06:24:14,178 - __main__ - INFO - Successfully connected to MongoDB
2025-04-25 06:24:14,392 - __main__ - WARNING - PyAudio not found. Speech recognition features will be disabled.
2025-04-25 06:24:14,443 - __main__ - INFO - Starting server with Waitress at 2025-04-25 00:54:14 UTC on port 5001
2025-04-25 06:35:35,163 - __main__ - INFO - Successfully connected to MongoDB
2025-04-25 06:35:35,371 - __main__ - WARNING - PyAudio not found. Speech recognition features will be disabled.
2025-04-25 06:35:35,422 - __main__ - INFO - Starting server with Waitress at 2025-04-25T06:35:35.422147 on port 5001
2025-04-25 06:35:43,843 - __main__ - INFO - Registration attempt for dhanavanthesh697@gmail.com with name: DHANAVANTHESH S
2025-04-25 06:35:44,078 - __main__ - INFO - Verification code for dhanavanthesh697@gmail.com: 767277
2025-04-25 06:35:44,080 - __main__ - INFO - Sending verification code 767277 to dhanavanthesh697@gmail.com
2025-04-25 06:35:47,900 - __main__ - INFO - Email sent successfully to dhanavanthesh697@gmail.com
2025-04-25 06:36:12,296 - __main__ - INFO - Verification attempt for dhanavanthesh697@gmail.com with code 767277
2025-04-25 06:36:12,565 - __main__ - INFO - Email verified successfully for dhanavanthesh697@gmail.com
2025-04-25 06:36:12,665 - __main__ - INFO - Retrieved 0 chats for user 680ae004d7867ce122b32f58
2025-04-25 06:36:12,750 - __main__ - INFO - Retrieved 0 chats for user 680ae004d7867ce122b32f58
2025-04-25 06:36:12,910 - __main__ - INFO - Created new chat chat_1745543172755 for user 680ae004d7867ce122b32f58
2025-04-25 06:36:13,332 - __main__ - INFO - Created new chat chat_1745543172670 for user 680ae004d7867ce122b32f58
2025-04-25 06:36:17,711 - __main__ - INFO - Deleted chat chat_1745543172755 for user 680ae004d7867ce122b32f58
2025-04-25 06:36:21,172 - __main__ - INFO - Updated title of chat chat_1745543172670 to 'Hi'
2025-04-25 06:36:22,034 - __main__ - INFO - Saved chat messages for user 680ae004d7867ce122b32f58, chat chat_1745543172670
2025-04-25 06:36:25,828 - __main__ - INFO - Retrieved 1 chats for user 680ae004d7867ce122b32f58
2025-04-25 06:36:25,928 - __main__ - INFO - Retrieved 1 chats for user 680ae004d7867ce122b32f58
2025-04-25 06:36:34,618 - __main__ - INFO - Updated title of chat chat_1745543172670 to 'Hi hlo'
2025-04-25 09:19:58,030 - __main__ - ERROR - MongoDB URI not found in environment variables
2025-04-25 09:19:58,041 - __main__ - CRITICAL - Could not connect to MongoDB. Application will not function correctly.
2025-04-25 09:32:31,820 - __main__ - INFO - Successfully connected to MongoDB
2025-04-25 09:32:32,031 - __main__ - INFO - Created users collection
2025-04-25 09:32:32,396 - __main__ - INFO - Created verifications collection
2025-04-25 09:32:32,735 - __main__ - INFO - Created chats collection
2025-04-25 09:32:33,123 - __main__ - WARNING - PyAudio not found. Speech recognition features will be disabled.
2025-04-25 09:32:33,263 - __main__ - INFO - Starting server with Waitress at 2025-04-25T09:32:33.263757 on port 5001
2025-04-26 12:30:10,414 - __main__ - ERROR - Failed to connect to MongoDB: SSL handshake failed: ac-qmsnidi-shard-00-02.rpgju5o.mongodb.net:27017: [SSL: TLSV1_ALERT_INTERNAL_ERROR] tlsv1 alert internal error (_ssl.c:1000),SSL handshake failed: ac-qmsnidi-shard-00-00.rpgju5o.mongodb.net:27017: [SSL: TLSV1_ALERT_INTERNAL_ERROR] tlsv1 alert internal error (_ssl.c:1000),SSL handshake failed: ac-qmsnidi-shard-00-01.rpgju5o.mongodb.net:27017: [SSL: TLSV1_ALERT_INTERNAL_ERROR] tlsv1 alert internal error (_ssl.c:1000), Timeout: 30s, Topology Description: <TopologyDescription id: 680c845cbc128bfc299614df, topology_type: ReplicaSetNoPrimary, servers: [<ServerDescription ('ac-qmsnidi-shard-00-00.rpgju5o.mongodb.net', 27017) server_type: Unknown, rtt: None, error=AutoReconnect('SSL handshake failed: ac-qmsnidi-shard-00-00.rpgju5o.mongodb.net:27017: [SSL: TLSV1_ALERT_INTERNAL_ERROR] tlsv1 alert internal error (_ssl.c:1000)')>, <ServerDescription ('ac-qmsnidi-shard-00-01.rpgju5o.mongodb.net', 27017) server_type: Unknown, rtt: None, error=AutoReconnect('SSL handshake failed: ac-qmsnidi-shard-00-01.rpgju5o.mongodb.net:27017: [SSL: TLSV1_ALERT_INTERNAL_ERROR] tlsv1 alert internal error (_ssl.c:1000)')>, <ServerDescription ('ac-qmsnidi-shard-00-02.rpgju5o.mongodb.net', 27017) server_type: Unknown, rtt: None, error=AutoReconnect('SSL handshake failed: ac-qmsnidi-shard-00-02.rpgju5o.mongodb.net:27017: [SSL: TLSV1_ALERT_INTERNAL_ERROR] tlsv1 alert internal error (_ssl.c:1000)')>]>
2025-04-26 12:30:10,418 - __main__ - CRITICAL - Could not connect to MongoDB. Application will not function correctly.
2025-04-26 12:30:12,360 - __main__ - CRITICAL - MongoDB connection failed. Application may not function correctly.
2025-04-26 12:30:12,651 - __main__ - INFO - Starting server with Waitress at 2025-04-26T12:30:12.651065 on port 5001
2025-04-27 07:29:30,290 - __main__ - ERROR - Failed to connect to MongoDB: SSL handshake failed: ac-qmsnidi-shard-00-00.rpgju5o.mongodb.net:27017: [SSL: TLSV1_ALERT_INTERNAL_ERROR] tlsv1 alert internal error (_ssl.c:1000),SSL handshake failed: ac-qmsnidi-shard-00-01.rpgju5o.mongodb.net:27017: [SSL: TLSV1_ALERT_INTERNAL_ERROR] tlsv1 alert internal error (_ssl.c:1000),SSL handshake failed: ac-qmsnidi-shard-00-02.rpgju5o.mongodb.net:27017: [SSL: TLSV1_ALERT_INTERNAL_ERROR] tlsv1 alert internal error (_ssl.c:1000), Timeout: 30s, Topology Description: <TopologyDescription id: 680d8f64037011f57f98e77c, topology_type: ReplicaSetNoPrimary, servers: [<ServerDescription ('ac-qmsnidi-shard-00-00.rpgju5o.mongodb.net', 27017) server_type: Unknown, rtt: None, error=AutoReconnect('SSL handshake failed: ac-qmsnidi-shard-00-00.rpgju5o.mongodb.net:27017: [SSL: TLSV1_ALERT_INTERNAL_ERROR] tlsv1 alert internal error (_ssl.c:1000)')>, <ServerDescription ('ac-qmsnidi-shard-00-01.rpgju5o.mongodb.net', 27017) server_type: Unknown, rtt: None, error=AutoReconnect('SSL handshake failed: ac-qmsnidi-shard-00-01.rpgju5o.mongodb.net:27017: [SSL: TLSV1_ALERT_INTERNAL_ERROR] tlsv1 alert internal error (_ssl.c:1000)')>, <ServerDescription ('ac-qmsnidi-shard-00-02.rpgju5o.mongodb.net', 27017) server_type: Unknown, rtt: None, error=AutoReconnect('SSL handshake failed: ac-qmsnidi-shard-00-02.rpgju5o.mongodb.net:27017: [SSL: TLSV1_ALERT_INTERNAL_ERROR] tlsv1 alert internal error (_ssl.c:1000)')>]>
2025-04-27 07:29:30,294 - __main__ - CRITICAL - Could not connect to MongoDB. Application will not function correctly.
2025-04-27 07:29:32,127 - __main__ - CRITICAL - MongoDB connection failed. Application may not function correctly.
2025-04-27 07:29:32,166 - __main__ - INFO - Starting server with Waitress at 2025-04-27T07:29:32.166322 on port 5001
2025-04-27 11:34:40,709 - __main__ - ERROR - Failed to connect to MongoDB: SSL handshake failed: ac-qmsnidi-shard-00-02.rpgju5o.mongodb.net:27017: [SSL: TLSV1_ALERT_INTERNAL_ERROR] tlsv1 alert internal error (_ssl.c:1000),SSL handshake failed: ac-qmsnidi-shard-00-01.rpgju5o.mongodb.net:27017: [SSL: TLSV1_ALERT_INTERNAL_ERROR] tlsv1 alert internal error (_ssl.c:1000),SSL handshake failed: ac-qmsnidi-shard-00-00.rpgju5o.mongodb.net:27017: [SSL: TLSV1_ALERT_INTERNAL_ERROR] tlsv1 alert internal error (_ssl.c:1000), Timeout: 30s, Topology Description: <TopologyDescription id: 680dc8dab68b12aa6f5b36be, topology_type: ReplicaSetNoPrimary, servers: [<ServerDescription ('ac-qmsnidi-shard-00-00.rpgju5o.mongodb.net', 27017) server_type: Unknown, rtt: None, error=AutoReconnect('SSL handshake failed: ac-qmsnidi-shard-00-00.rpgju5o.mongodb.net:27017: [SSL: TLSV1_ALERT_INTERNAL_ERROR] tlsv1 alert internal error (_ssl.c:1000)')>, <ServerDescription ('ac-qmsnidi-shard-00-01.rpgju5o.mongodb.net', 27017) server_type: Unknown, rtt: None, error=AutoReconnect('SSL handshake failed: ac-qmsnidi-shard-00-01.rpgju5o.mongodb.net:27017: [SSL: TLSV1_ALERT_INTERNAL_ERROR] tlsv1 alert internal error (_ssl.c:1000)')>, <ServerDescription ('ac-qmsnidi-shard-00-02.rpgju5o.mongodb.net', 27017) server_type: Unknown, rtt: None, error=AutoReconnect('SSL handshake failed: ac-qmsnidi-shard-00-02.rpgju5o.mongodb.net:27017: [SSL: TLSV1_ALERT_INTERNAL_ERROR] tlsv1 alert internal error (_ssl.c:1000)')>]>
2025-04-27 11:34:40,713 - __main__ - CRITICAL - Could not connect to MongoDB. Application will not function correctly.
2025-04-27 11:34:42,790 - __main__ - CRITICAL - MongoDB connection failed. Application may not function correctly.
2025-04-27 11:34:42,835 - __main__ - INFO - Starting server with Waitress at 2025-04-27T11:34:42.835142 on port 5001
2025-04-27 11:36:19,973 - __main__ - ERROR - Failed to connect to MongoDB: SSL handshake failed: ac-qmsnidi-shard-00-00.rpgju5o.mongodb.net:27017: [SSL: TLSV1_ALERT_INTERNAL_ERROR] tlsv1 alert internal error (_ssl.c:1000),SSL handshake failed: ac-qmsnidi-shard-00-02.rpgju5o.mongodb.net:27017: [SSL: TLSV1_ALERT_INTERNAL_ERROR] tlsv1 alert internal error (_ssl.c:1000),SSL handshake failed: ac-qmsnidi-shard-00-01.rpgju5o.mongodb.net:27017: [SSL: TLSV1_ALERT_INTERNAL_ERROR] tlsv1 alert internal error (_ssl.c:1000), Timeout: 30s, Topology Description: <TopologyDescription id: 680dc93dde6f55fbfc6f406e, topology_type: ReplicaSetNoPrimary, servers: [<ServerDescription ('ac-qmsnidi-shard-00-00.rpgju5o.mongodb.net', 27017) server_type: Unknown, rtt: None, error=AutoReconnect('SSL handshake failed: ac-qmsnidi-shard-00-00.rpgju5o.mongodb.net:27017: [SSL: TLSV1_ALERT_INTERNAL_ERROR] tlsv1 alert internal error (_ssl.c:1000)')>, <ServerDescription ('ac-qmsnidi-shard-00-01.rpgju5o.mongodb.net', 27017) server_type: Unknown, rtt: None, error=AutoReconnect('SSL handshake failed: ac-qmsnidi-shard-00-01.rpgju5o.mongodb.net:27017: [SSL: TLSV1_ALERT_INTERNAL_ERROR] tlsv1 alert internal error (_ssl.c:1000)')>, <ServerDescription ('ac-qmsnidi-shard-00-02.rpgju5o.mongodb.net', 27017) server_type: Unknown, rtt: None, error=AutoReconnect('SSL handshake failed: ac-qmsnidi-shard-00-02.rpgju5o.mongodb.net:27017: [SSL: TLSV1_ALERT_INTERNAL_ERROR] tlsv1 alert internal error (_ssl.c:1000)')>]>
2025-04-27 11:36:19,978 - __main__ - CRITICAL - Could not connect to MongoDB. Application will not function correctly.
2025-04-27 11:36:21,838 - __main__ - CRITICAL - MongoDB connection failed. Application may not function correctly.
2025-04-27 11:36:21,875 - __main__ - INFO - Starting server with Waitress at 2025-04-27T11:36:21.875728 on port 5001
2025-05-04 19:37:37,085 - __main__ - INFO - Successfully connected to MongoDB
2025-05-04 19:37:37,373 - __main__ - WARNING - PyAudio not found. Speech recognition features will be disabled.
2025-05-04 19:37:37,574 - __main__ - INFO - Starting server with Waitress at 2025-05-04T19:37:37.573197 on port 5001
2025-05-04 19:38:35,601 - __main__ - INFO - Retrieved 2 chats for user 680ae004d7867ce122b32f58
2025-05-04 19:38:35,802 - __main__ - INFO - Retrieved 2 chats for user 680ae004d7867ce122b32f58
2025-05-04 19:51:27,678 - __main__ - INFO - Retrieved 2 chats for user 680ae004d7867ce122b32f58
2025-05-04 19:51:27,819 - __main__ - INFO - Retrieved 2 chats for user 680ae004d7867ce122b32f58
2025-05-04 19:53:37,327 - __main__ - INFO - Saved chat messages for user 680ae004d7867ce122b32f58, chat chat_1745548055446
2025-05-04 19:57:26,547 - __main__ - INFO - Retrieved 2 chats for user 680ae004d7867ce122b32f58
2025-05-04 19:57:26,698 - __main__ - INFO - Retrieved 2 chats for user 680ae004d7867ce122b32f58
2025-05-04 20:01:52,796 - __main__ - INFO - Retrieved 2 chats for user 680ae004d7867ce122b32f58
2025-05-04 20:01:52,884 - __main__ - INFO - Retrieved 2 chats for user 680ae004d7867ce122b32f58
2025-05-04 20:01:58,416 - __main__ - INFO - Retrieved 2 chats for user 680ae004d7867ce122b32f58
2025-05-04 20:01:58,529 - __main__ - INFO - Retrieved 2 chats for user 680ae004d7867ce122b32f58
2025-05-04 20:04:26,186 - __main__ - INFO - Retrieved 2 chats for user 680ae004d7867ce122b32f58
2025-05-04 20:04:26,292 - __main__ - INFO - Retrieved 2 chats for user 680ae004d7867ce122b32f58
2025-05-04 20:06:41,970 - __main__ - INFO - Retrieved 2 chats for user 680ae004d7867ce122b32f58
2025-05-04 20:18:40,328 - __main__ - INFO - Retrieved 2 chats for user 680ae004d7867ce122b32f58
2025-05-04 20:18:40,430 - __main__ - INFO - Retrieved 2 chats for user 680ae004d7867ce122b32f58
2025-05-04 20:24:13,099 - __main__ - INFO - Retrieved 2 chats for user 680ae004d7867ce122b32f58
2025-05-04 20:24:13,170 - __main__ - INFO - Retrieved 2 chats for user 680ae004d7867ce122b32f58
2025-05-04 20:24:38,532 - __main__ - INFO - Saved chat messages for user 680ae004d7867ce122b32f58, chat chat_1745548055446
2025-05-04 20:28:32,097 - __main__ - INFO - Retrieved 2 chats for user 680ae004d7867ce122b32f58
2025-05-04 20:28:32,190 - __main__ - INFO - Retrieved 2 chats for user 680ae004d7867ce122b32f58
2025-05-04 20:29:04,861 - __main__ - INFO - Retrieved 2 chats for user 680ae004d7867ce122b32f58
2025-05-04 20:29:04,986 - __main__ - INFO - Retrieved 2 chats for user 680ae004d7867ce122b32f58
2025-05-04 20:52:11,284 - __main__ - INFO - Retrieved 2 chats for user 680ae004d7867ce122b32f58
2025-05-04 20:52:11,374 - __main__ - INFO - Retrieved 2 chats for user 680ae004d7867ce122b32f58
2025-05-04 20:54:52,198 - __main__ - INFO - Retrieved 2 chats for user 680ae004d7867ce122b32f58
2025-05-04 20:54:52,297 - __main__ - INFO - Retrieved 2 chats for user 680ae004d7867ce122b32f58
2025-05-04 21:00:06,468 - __main__ - INFO - User logged in: dhanavanthesh697@gmail.com
2025-05-04 21:00:06,878 - __main__ - INFO - Retrieved 2 chats for user 680ae004d7867ce122b32f58
2025-05-04 21:00:07,083 - __main__ - INFO - Retrieved 2 chats for user 680ae004d7867ce122b32f58
2025-05-04 21:00:11,734 - __main__ - INFO - Deleted chat chat_1745548055446 for user 680ae004d7867ce122b32f58
2025-05-04 23:02:27,618 - __main__ - ERROR - MongoDB URI not found in environment variables
2025-05-04 23:02:27,619 - __main__ - CRITICAL - Could not connect to MongoDB. Application will not function correctly.
2025-05-04 23:05:35,394 - __main__ - ERROR - MongoDB URI not found in environment variables
2025-05-04 23:05:35,395 - __main__ - CRITICAL - Could not connect to MongoDB. Application will not function correctly.
2025-05-13 11:20:17,107 - __main__ - ERROR - MongoDB URI not found in environment variables
2025-05-13 11:20:17,108 - __main__ - CRITICAL - Could not connect to MongoDB. Application will not function correctly.
2025-05-13 11:21:35,817 - __main__ - ERROR - MongoDB URI not found in environment variables
2025-05-13 11:21:35,817 - __main__ - CRITICAL - Could not connect to MongoDB. Application will not function correctly.
2025-05-13 11:22:04,857 - __main__ - INFO - Successfully connected to MongoDB
2025-05-13 11:22:05,596 - __main__ - INFO - Starting server with Waitress at 2025-05-13T11:22:05.596846 on port 5001
2025-05-13 11:25:11,035 - __main__ - INFO - Retrieved 6 chats for user 680b12e4c9ef187db0837169
2025-05-13 11:25:12,895 - __main__ - INFO - Retrieved 6 chats for user 680b12e4c9ef187db0837169
2025-05-13 11:50:09,506 - __main__ - INFO - Retrieved 6 chats for user 680b12e4c9ef187db0837169
2025-05-13 15:16:12,244 - __main__ - INFO - Successfully connected to MongoDB
2025-05-13 15:16:13,356 - __main__ - INFO - Starting server with Waitress at 2025-05-13T15:16:13.356473 on port 5001
2025-05-13 15:19:46,484 - __main__ - INFO - Retrieved 6 chats for user 680b12e4c9ef187db0837169
2025-05-13 15:19:46,566 - __main__ - INFO - Retrieved 6 chats for user 680b12e4c9ef187db0837169
2025-05-13 15:20:00,565 - __main__ - INFO - Retrieved 6 chats for user 680b12e4c9ef187db0837169
2025-05-13 15:20:00,726 - __main__ - INFO - Retrieved 6 chats for user 680b12e4c9ef187db0837169
2025-05-13 15:21:45,697 - __main__ - INFO - Retrieved 6 chats for user 680b12e4c9ef187db0837169
2025-05-13 15:21:45,880 - __main__ - INFO - Retrieved 6 chats for user 680b12e4c9ef187db0837169
2025-05-13 15:21:55,325 - __main__ - INFO - Retrieved 6 chats for user 680b12e4c9ef187db0837169
2025-05-13 15:21:55,448 - __main__ - INFO - Retrieved 6 chats for user 680b12e4c9ef187db0837169
2025-05-13 15:31:41,436 - __main__ - INFO - Retrieved 0 chats for user user123
2025-05-13 15:31:41,509 - __main__ - INFO - Retrieved 0 chats for user user123
2025-05-13 15:31:41,702 - __main__ - INFO - Created new chat chat_1747130501513 for user user123
2025-05-13 15:31:42,171 - __main__ - INFO - Created new chat chat_1747130501439 for user user123
2025-05-13 15:34:28,268 - __main__ - INFO - Successfully connected to MongoDB
2025-05-13 15:34:29,088 - __main__ - INFO - Starting server with Waitress at 2025-05-13T15:34:29.088538 on port 5001
2025-05-13 15:35:46,824 - __main__ - INFO - Successfully connected to MongoDB
2025-05-13 15:35:47,534 - __main__ - INFO - Starting server with Waitress at 2025-05-13T15:35:47.534625 on port 5001
2025-05-13 15:35:57,476 - __main__ - INFO - Retrieved 6 chats for user 680b12e4c9ef187db0837169
2025-05-13 15:35:57,583 - __main__ - INFO - Retrieved 6 chats for user 680b12e4c9ef187db0837169
2025-05-13 15:39:27,187 - __main__ - INFO - Successfully connected to MongoDB
2025-05-13 15:39:28,105 - __main__ - INFO - Starting server with Waitress at 2025-05-13T15:39:28.105106 on port 5001
2025-05-13 15:39:48,062 - __main__ - INFO - Retrieved 6 chats for user 680b12e4c9ef187db0837169
2025-05-13 15:39:48,130 - __main__ - INFO - Retrieved 6 chats for user 680b12e4c9ef187db0837169
2025-05-13 15:42:07,717 - __main__ - INFO - Retrieved 6 chats for user 680b12e4c9ef187db0837169
2025-05-13 15:42:07,857 - __main__ - INFO - Retrieved 6 chats for user 680b12e4c9ef187db0837169
2025-05-13 15:42:58,166 - __main__ - INFO - Successfully connected to MongoDB
2025-05-13 15:42:59,116 - __main__ - INFO - Starting server with Waitress at 2025-05-13T15:42:59.116502 on port 5001
2025-05-13 15:43:20,168 - __main__ - INFO - Retrieved 6 chats for user 680b12e4c9ef187db0837169
2025-05-13 15:43:20,482 - __main__ - INFO - Retrieved 6 chats for user 680b12e4c9ef187db0837169
2025-05-13 15:45:18,519 - __main__ - INFO - Successfully connected to MongoDB
2025-05-13 15:45:19,646 - __main__ - INFO - Starting server with Waitress at 2025-05-13T15:45:19.646766 on port 5001
2025-05-13 15:45:36,788 - __main__ - INFO - Retrieved 6 chats for user 680b12e4c9ef187db0837169
2025-05-13 15:45:36,889 - __main__ - INFO - Retrieved 6 chats for user 680b12e4c9ef187db0837169
2025-05-13 15:47:00,035 - __main__ - INFO - Retrieved 6 chats for user 680b12e4c9ef187db0837169
2025-05-13 15:47:00,636 - __main__ - INFO - Retrieved 6 chats for user 680b12e4c9ef187db0837169
2025-05-13 15:53:00,969 - __main__ - INFO - Successfully connected to MongoDB
2025-05-13 15:53:01,847 - __main__ - INFO - Starting server with Waitress at 2025-05-13T15:53:01.847599 on port 5001
2025-05-13 20:32:13,925 - __main__ - INFO - Successfully connected to MongoDB
2025-05-13 20:32:14,818 - __main__ - INFO - Starting server with Waitress at 2025-05-13T20:32:14.818233 on port 5001
2025-05-13 20:33:24,837 - __main__ - INFO - Retrieved 6 chats for user 680b12e4c9ef187db0837169
2025-05-13 20:33:24,933 - __main__ - INFO - Retrieved 6 chats for user 680b12e4c9ef187db0837169
2025-05-13 20:34:53,059 - __main__ - INFO - Successfully connected to MongoDB
2025-05-13 20:34:53,723 - __main__ - INFO - Starting server with Waitress at 2025-05-13T20:34:53.723674 on port 5001
2025-05-13 20:35:01,375 - __main__ - INFO - Retrieved 6 chats for user 680b12e4c9ef187db0837169
2025-05-13 20:35:01,503 - __main__ - INFO - Retrieved 6 chats for user 680b12e4c9ef187db0837169
